<?xml version="1.0" encoding="UTF-8"?>
<!-- Generated by org.testng.reporters.JUnitReportReporter -->
<testsuite hostname="AmitDhanshriSurface" name="LoginModule.LoginToApp" tests="1" failures="0" timestamp="16 Dec 2018 07:00:39 GMT" time="20.967" errors="0">
  <testcase name="validlogin" time="20.967" classname="LoginModule.LoginToApp"/>
</testsuite> <!-- LoginModule.LoginToApp -->
